Arguments: 
  /usr/bin/node /usr/share/yarn/bin/yarn.js add @babel-polyfill

PATH: 
  /usr/local/sbin:/usr/local/bin:/usr/sbin:/usr/bin:/sbin:/bin:/usr/games:/usr/local/games:/snap/bin

Yarn version: 
  1.22.5

Node version: 
  10.19.0

Platform: 
  linux x64

Trace: 
  Error: https://registry.yarnpkg.com/@babel-polyfill: Request "https://registry.yarnpkg.com/@babel-polyfill" returned a 405
      at Request.params.callback [as _callback] (/usr/share/yarn/lib/cli.js:66997:18)
      at Request.self.callback (/usr/share/yarn/lib/cli.js:140749:22)
      at Request.emit (events.js:198:13)
      at Request.<anonymous> (/usr/share/yarn/lib/cli.js:141721:10)
      at Request.emit (events.js:198:13)
      at IncomingMessage.<anonymous> (/usr/share/yarn/lib/cli.js:141643:12)
      at Object.onceWrapper (events.js:286:20)
      at IncomingMessage.emit (events.js:203:15)
      at endReadableNT (_stream_readable.js:1145:12)
      at process._tickCallback (internal/process/next_tick.js:63:19)

npm manifest: 
  {
    "name": "excel",
    "version": "1.0.0",
    "description": "Pure JS excel app",
    "main": "index.js",
    "scripts": {
      "start": "cross-env NODE_ENV=development webpack serve",
      "build": "cross-env NODE_ENV=production webpack"
    },
    "repository": "https://github.com/airmaks/excel",
    "author": "goldman <rm1010@yandex.ru>",
    "license": "MIT",
    "private": true,
    "browserslist": "> 0.25%, not dead",
    "devDependencies": {
      "@babel/core": "^7.12.10",
      "@babel/preset-env": "^7.12.11",
      "babel-loader": "^8.2.2",
      "clean-webpack-plugin": "^3.0.0",
      "copy-webpack-plugin": "^7.0.0",
      "cross-env": "^7.0.3",
      "css-loader": "^5.0.1",
      "html-webpack-plugin": "^4.5.1",
      "mini-css-extract-plugin": "^1.3.3",
      "sass": "^1.32.2",
      "sass-loader": "^10.1.0",
      "webpack": "^5.12.2",
      "webpack-cli": "^4.3.1",
      "webpack-dev-server": "^3.11.1"
    }
  }

yarn manifest: 
  No manifest

Lockfile: 
  No lockfile
